<?xml version="1.0" encoding="UTF-8" ?>
<testsuite tests="1" failures="1" name="TestSuite" time="5.127" errors="0" skipped="0">
  <properties>
[...]
</properties>
  <testcase classname="com.testMaven.AppTest" name="f" time="2.948">
    <failure message="expected [Google] but found [Sign in – Google accounts]" type="java.lang.AssertionError">java.lang.AssertionError: expected [Google] but found [Sign in – Google accounts]
	at org.testng.Assert.fail(Assert.java:94)
	at org.testng.Assert.failNotEquals(Assert.java:494)
	at org.testng.Assert.assertEquals(Assert.java:123)
	at org.testng.Assert.assertEquals(Assert.java:176)
	at org.testng.Assert.assertEquals(Assert.java:186)
	at com.testMaven.AppTest.f(AppTest.java:27)
</failure>
    <system-err>Mar 27, 2020 12:36:15 PM org.openqa.selenium.remote.ProtocolHandshake createSession
INFO: Detected dialect: W3C
</system-err>
  </testcase>
</testsuite>